<?xml version="1.0" encoding="UTF-8"?>
<!-- Generated by org.testng.reporters.JUnitReportReporter -->
<testsuite skipped="0" hostname="DESKTOP-B2220QC" name="testPack.TestClass1" tests="6" failures="0" timestamp="2022-05-25T21:05:39 IST" time="0.040" errors="0">
  <testcase name="testF" time="0.010" classname="testPack.TestClass1"/>
  <system-out/>
  <testcase name="testA" time="0.004" classname="testPack.TestClass1"/>
  <system-out/>
  <testcase name="testA" time="0.004" classname="testPack.TestClass1"/>
  <system-out/>
  <testcase name="testB" time="0.005" classname="testPack.TestClass1"/>
  <system-out/>
  <testcase name="testB" time="0.007" classname="testPack.TestClass1"/>
  <system-out/>
  <testcase name="testF" time="0.010" classname="testPack.TestClass1"/>
  <system-out/>
</testsuite> <!-- testPack.TestClass1 -->
