<?xml version="1.0" encoding="UTF-8"?>
<!-- Generated by org.testng.reporters.JUnitReportReporter -->
<testsuite skipped="0" hostname="DESKTOP-B2220QC" name="testPack.TestClass2" tests="4" failures="0" timestamp="2022-05-26T21:09:04 IST" time="62.653" errors="0">
  <testcase name="verifyTaskButton" time="16.798" classname="testPack.TestClass2"/>
  <system-out/>
  <testcase name="verifyReportButton" time="24.223" classname="testPack.TestClass2"/>
  <system-out/>
  <testcase name="verifyReportButton" time="13.465" classname="testPack.TestClass2"/>
  <system-out/>
  <testcase name="verifyTaskButton" time="8.167" classname="testPack.TestClass2"/>
  <system-out/>
</testsuite> <!-- testPack.TestClass2 -->
